<?xml version="1.0" encoding="UTF-8"?>
<testng-results ignored="0" total="2" passed="2" failed="0" skipped="0">
  <reporter-output>
  </reporter-output>
  <suite started-at="2022-07-21T16:30:17 IST" name="Suite" finished-at="2022-07-21T16:31:07 IST" duration-ms="50435">
    <groups>
      <group name="cucumber">
        <method signature="AbstractTestNGCucumberTests.runScenario(io.cucumber.testng.PickleWrapper, io.cucumber.testng.FeatureWrapper)[pri:0, instance:com.Cucumber_Demo.runners.Using_Background_Runner@35aea049]" name="runScenario" class="io.cucumber.testng.AbstractTestNGCucumberTests"/>
      </group> <!-- cucumber -->
    </groups>
    <test started-at="2022-07-21T16:30:17 IST" name="Test" finished-at="2022-07-21T16:31:07 IST" duration-ms="50435">
      <class name="com.Cucumber_Demo.runners.Using_Background_Runner">
        <test-method is-config="true" signature="setUpClass(org.testng.ITestContext)[pri:0, instance:com.Cucumber_Demo.runners.Using_Background_Runner@35aea049]" started-at="2022-07-21T16:30:17 IST" name="setUpClass" finished-at="2022-07-21T16:30:18 IST" duration-ms="1060" status="PASS">
          <params>
            <param index="0">
              <value>
                <![CDATA[org.testng.TestRunner@3386c206]]>
              </value>
            </param>
          </params>
          <reporter-output>
          </reporter-output>
        </test-method> <!-- setUpClass -->
        <test-method signature="runScenario(io.cucumber.testng.PickleWrapper, io.cucumber.testng.FeatureWrapper)[pri:0, instance:com.Cucumber_Demo.runners.Using_Background_Runner@35aea049]" started-at="2022-07-21T16:30:18 IST" name="runScenario" description="Runs Cucumber Scenarios" data-provider="scenarios" finished-at="2022-07-21T16:30:47 IST" duration-ms="29291" status="PASS">
          <params>
            <param index="0">
              <value>
                <![CDATA["Free HRM Search Add new Employee Test Scenario"]]>
              </value>
            </param>
            <param index="1">
              <value>
                <![CDATA["Optional[Test Background Feature]"]]>
              </value>
            </param>
          </params>
          <reporter-output>
          </reporter-output>
        </test-method> <!-- runScenario -->
        <test-method signature="runScenario(io.cucumber.testng.PickleWrapper, io.cucumber.testng.FeatureWrapper)[pri:0, instance:com.Cucumber_Demo.runners.Using_Background_Runner@35aea049]" started-at="2022-07-21T16:30:47 IST" name="runScenario" description="Runs Cucumber Scenarios" data-provider="scenarios" finished-at="2022-07-21T16:31:05 IST" duration-ms="18206" status="PASS">
          <params>
            <param index="0">
              <value>
                <![CDATA["Free HRM Delete UserTest Scenario"]]>
              </value>
            </param>
            <param index="1">
              <value>
                <![CDATA["Optional[Test Background Feature]"]]>
              </value>
            </param>
          </params>
          <reporter-output>
          </reporter-output>
        </test-method> <!-- runScenario -->
        <test-method is-config="true" signature="tearDownClass()[pri:0, instance:com.Cucumber_Demo.runners.Using_Background_Runner@35aea049]" started-at="2022-07-21T16:31:05 IST" name="tearDownClass" finished-at="2022-07-21T16:31:07 IST" duration-ms="1811" status="PASS">
          <reporter-output>
          </reporter-output>
        </test-method> <!-- tearDownClass -->
      </class> <!-- com.Cucumber_Demo.runners.Using_Background_Runner -->
    </test> <!-- Test -->
  </suite> <!-- Suite -->
</testng-results>
